2022-02-23 13:22:04.836  INFO 1292 --- [main] tn.esprit.spring.PidevApplication        : Starting PidevApplication using Java 1.8.0_321 on LAPTOP-TM8PDFJ7 with PID 1292 (C:\Work\work-space-sts\PI-DEV-SPRING\target\classes started by rawen in C:\Work\work-space-sts\PI-DEV-SPRING)
2022-02-23 13:22:04.850  INFO 1292 --- [main] tn.esprit.spring.PidevApplication        : No active profile set, falling back to default profiles: default
2022-02-23 13:22:05.810  INFO 1292 --- [main] .s.d.r.c.RepositoryConfigurationDelegate : Bootstrapping Spring Data JPA repositories in DEFAULT mode.
2022-02-23 13:22:05.865  INFO 1292 --- [main] .s.d.r.c.RepositoryConfigurationDelegate : Finished Spring Data repository scanning in 40 ms. Found 1 JPA repository interfaces.
2022-02-23 13:22:06.235  INFO 1292 --- [main] trationDelegate$BeanPostProcessorChecker : Bean 'org.springframework.ws.config.annotation.DelegatingWsConfiguration' of type [org.springframework.ws.config.annotation.DelegatingWsConfiguration$$EnhancerBySpringCGLIB$$e5868a74] is not eligible for getting processed by all BeanPostProcessors (for example: not eligible for auto-proxying)
2022-02-23 13:22:06.280  INFO 1292 --- [main] .w.s.a.s.AnnotationActionEndpointMapping : Supporting [WS-Addressing August 2004, WS-Addressing 1.0]
2022-02-23 13:22:06.764  INFO 1292 --- [main] o.s.b.w.embedded.tomcat.TomcatWebServer  : Tomcat initialized with port(s): 8090 (http)
2022-02-23 13:22:06.772  INFO 1292 --- [main] o.apache.catalina.core.StandardService   : Starting service [Tomcat]
2022-02-23 13:22:06.772  INFO 1292 --- [main] org.apache.catalina.core.StandardEngine  : Starting Servlet engine: [Apache Tomcat/9.0.50]
2022-02-23 13:22:06.852  INFO 1292 --- [main] o.a.c.c.C.[.[localhost].[/springMVC]     : Initializing Spring embedded WebApplicationContext
2022-02-23 13:22:06.852  INFO 1292 --- [main] w.s.c.ServletWebServerApplicationContext : Root WebApplicationContext: initialization completed in 1964 ms
2022-02-23 13:22:07.259  INFO 1292 --- [main] o.hibernate.jpa.internal.util.LogHelper  : HHH000204: Processing PersistenceUnitInfo [name: default]
2022-02-23 13:22:07.363  INFO 1292 --- [main] org.hibernate.Version                    : HHH000412: Hibernate ORM core version 5.4.32.Final
2022-02-23 13:22:07.526  INFO 1292 --- [main] o.hibernate.annotations.common.Version   : HCANN000001: Hibernate Commons Annotations {5.1.2.Final}
2022-02-23 13:22:07.630  INFO 1292 --- [main] com.zaxxer.hikari.HikariDataSource       : HikariPool-1 - Starting...
2022-02-23 13:22:07.777  INFO 1292 --- [main] com.zaxxer.hikari.HikariDataSource       : HikariPool-1 - Start completed.
2022-02-23 13:22:07.789  INFO 1292 --- [main] org.hibernate.dialect.Dialect            : HHH000400: Using dialect: org.hibernate.dialect.MySQL5Dialect
2022-02-23 13:22:08.321  INFO 1292 --- [main] o.h.e.t.j.p.i.JtaPlatformInitiator       : HHH000490: Using JtaPlatform implementation: [org.hibernate.engine.transaction.jta.platform.internal.NoJtaPlatform]
2022-02-23 13:22:08.331  INFO 1292 --- [main] j.LocalContainerEntityManagerFactoryBean : Initialized JPA EntityManagerFactory for persistence unit 'default'
2022-02-23 13:22:10.907  INFO 1292 --- [main] o.s.b.w.embedded.tomcat.TomcatWebServer  : Tomcat started on port(s): 8090 (http) with context path '/springMVC'
2022-02-23 13:22:11.398  INFO 1292 --- [main] tn.esprit.spring.PidevApplication        : Started PidevApplication in 6.906 seconds (JVM running for 7.672)
2022-02-23 13:26:02.627  INFO 1292 --- [RMI TCP Connection(2)-127.0.0.1] inMXBeanRegistrar$SpringApplicationAdmin : Application shutdown requested.
2022-02-23 13:26:02.818  INFO 1292 --- [RMI TCP Connection(2)-127.0.0.1] j.LocalContainerEntityManagerFactoryBean : Closing JPA EntityManagerFactory for persistence unit 'default'
2022-02-23 13:26:02.827  INFO 1292 --- [RMI TCP Connection(2)-127.0.0.1] com.zaxxer.hikari.HikariDataSource       : HikariPool-1 - Shutdown initiated...
2022-02-23 13:26:02.827  INFO 1292 --- [RMI TCP Connection(2)-127.0.0.1] com.zaxxer.hikari.HikariDataSource       : HikariPool-1 - Shutdown completed.
2022-02-23 13:43:34.950  INFO 8036 --- [main] tn.esprit.spring.PidevApplication        : Starting PidevApplication using Java 1.8.0_321 on LAPTOP-TM8PDFJ7 with PID 8036 (C:\Work\work-space-sts\PI-DEV-SPRING\target\classes started by rawen in C:\Work\work-space-sts\PI-DEV-SPRING)
2022-02-23 13:43:34.953  INFO 8036 --- [main] tn.esprit.spring.PidevApplication        : No active profile set, falling back to default profiles: default
2022-02-23 13:43:35.524  INFO 8036 --- [main] .s.d.r.c.RepositoryConfigurationDelegate : Bootstrapping Spring Data JPA repositories in DEFAULT mode.
2022-02-23 13:43:35.564  INFO 8036 --- [main] .s.d.r.c.RepositoryConfigurationDelegate : Finished Spring Data repository scanning in 28 ms. Found 1 JPA repository interfaces.
2022-02-23 13:43:35.993  INFO 8036 --- [main] trationDelegate$BeanPostProcessorChecker : Bean 'org.springframework.ws.config.annotation.DelegatingWsConfiguration' of type [org.springframework.ws.config.annotation.DelegatingWsConfiguration$$EnhancerBySpringCGLIB$$2b68e3cf] is not eligible for getting processed by all BeanPostProcessors (for example: not eligible for auto-proxying)
2022-02-23 13:43:36.029  INFO 8036 --- [main] .w.s.a.s.AnnotationActionEndpointMapping : Supporting [WS-Addressing August 2004, WS-Addressing 1.0]
2022-02-23 13:43:36.381  INFO 8036 --- [main] o.s.b.w.embedded.tomcat.TomcatWebServer  : Tomcat initialized with port(s): 8090 (http)
2022-02-23 13:43:36.397  INFO 8036 --- [main] o.apache.catalina.core.StandardService   : Starting service [Tomcat]
2022-02-23 13:43:36.397  INFO 8036 --- [main] org.apache.catalina.core.StandardEngine  : Starting Servlet engine: [Apache Tomcat/9.0.50]
2022-02-23 13:43:36.459  INFO 8036 --- [main] o.a.c.c.C.[.[localhost].[/springMVC]     : Initializing Spring embedded WebApplicationContext
2022-02-23 13:43:36.459  INFO 8036 --- [main] w.s.c.ServletWebServerApplicationContext : Root WebApplicationContext: initialization completed in 1472 ms
2022-02-23 13:43:36.741  INFO 8036 --- [main] o.hibernate.jpa.internal.util.LogHelper  : HHH000204: Processing PersistenceUnitInfo [name: default]
2022-02-23 13:43:36.788  INFO 8036 --- [main] org.hibernate.Version                    : HHH000412: Hibernate ORM core version 5.4.32.Final
2022-02-23 13:43:36.893  INFO 8036 --- [main] o.hibernate.annotations.common.Version   : HCANN000001: Hibernate Commons Annotations {5.1.2.Final}
2022-02-23 13:43:36.962  INFO 8036 --- [main] com.zaxxer.hikari.HikariDataSource       : HikariPool-1 - Starting...
2022-02-23 13:43:37.126  INFO 8036 --- [main] com.zaxxer.hikari.HikariDataSource       : HikariPool-1 - Start completed.
2022-02-23 13:43:37.133  INFO 8036 --- [main] org.hibernate.dialect.Dialect            : HHH000400: Using dialect: org.hibernate.dialect.MySQL5Dialect
2022-02-23 13:43:37.554  INFO 8036 --- [main] o.h.e.t.j.p.i.JtaPlatformInitiator       : HHH000490: Using JtaPlatform implementation: [org.hibernate.engine.transaction.jta.platform.internal.NoJtaPlatform]
2022-02-23 13:43:37.570  INFO 8036 --- [main] j.LocalContainerEntityManagerFactoryBean : Initialized JPA EntityManagerFactory for persistence unit 'default'
2022-02-23 13:43:37.586  WARN 8036 --- [main] ConfigServletWebServerApplicationContext : Exception encountered during context initialization - cancelling refresh attempt: org.springframework.beans.factory.UnsatisfiedDependencyException: Error creating bean with name 'userRestController': Unsatisfied dependency expressed through field 'IUSerService'; nested exception is org.springframework.beans.factory.NoSuchBeanDefinitionException: No qualifying bean of type 'tn.esprit.spring.services.IUserService' available: expected at least 1 bean which qualifies as autowire candidate. Dependency annotations: {@org.springframework.beans.factory.annotation.Autowired(required=true)}
2022-02-23 13:43:37.593  INFO 8036 --- [main] j.LocalContainerEntityManagerFactoryBean : Closing JPA EntityManagerFactory for persistence unit 'default'
2022-02-23 13:43:37.593  INFO 8036 --- [main] com.zaxxer.hikari.HikariDataSource       : HikariPool-1 - Shutdown initiated...
2022-02-23 13:43:37.593  INFO 8036 --- [main] com.zaxxer.hikari.HikariDataSource       : HikariPool-1 - Shutdown completed.
2022-02-23 13:43:37.593  INFO 8036 --- [main] o.apache.catalina.core.StandardService   : Stopping service [Tomcat]
2022-02-23 13:43:37.603  INFO 8036 --- [main] ConditionEvaluationReportLoggingListener : 

Error starting ApplicationContext. To display the conditions report re-run your application with 'debug' enabled.
2022-02-23 13:43:37.635 ERROR 8036 --- [main] o.s.b.d.LoggingFailureAnalysisReporter   : 

***************************
APPLICATION FAILED TO START
***************************

Description:

Field IUSerService in tn.esprit.spring.controller.UserRestController required a bean of type 'tn.esprit.spring.services.IUserService' that could not be found.

The injection point has the following annotations:
	- @org.springframework.beans.factory.annotation.Autowired(required=true)


Action:

Consider defining a bean of type 'tn.esprit.spring.services.IUserService' in your configuration.

2022-02-23 13:46:19.708  INFO 3516 --- [main] tn.esprit.spring.PidevApplication        : Starting PidevApplication using Java 1.8.0_321 on LAPTOP-TM8PDFJ7 with PID 3516 (C:\Work\work-space-sts\PI-DEV-SPRING\target\classes started by rawen in C:\Work\work-space-sts\PI-DEV-SPRING)
2022-02-23 13:46:19.708  INFO 3516 --- [main] tn.esprit.spring.PidevApplication        : No active profile set, falling back to default profiles: default
2022-02-23 13:46:20.315  INFO 3516 --- [main] .s.d.r.c.RepositoryConfigurationDelegate : Bootstrapping Spring Data JPA repositories in DEFAULT mode.
2022-02-23 13:46:20.347  INFO 3516 --- [main] .s.d.r.c.RepositoryConfigurationDelegate : Finished Spring Data repository scanning in 28 ms. Found 1 JPA repository interfaces.
2022-02-23 13:46:20.740  INFO 3516 --- [main] trationDelegate$BeanPostProcessorChecker : Bean 'org.springframework.ws.config.annotation.DelegatingWsConfiguration' of type [org.springframework.ws.config.annotation.DelegatingWsConfiguration$$EnhancerBySpringCGLIB$$2b68e3cf] is not eligible for getting processed by all BeanPostProcessors (for example: not eligible for auto-proxying)
2022-02-23 13:46:20.773  INFO 3516 --- [main] .w.s.a.s.AnnotationActionEndpointMapping : Supporting [WS-Addressing August 2004, WS-Addressing 1.0]
2022-02-23 13:46:21.168  INFO 3516 --- [main] o.s.b.w.embedded.tomcat.TomcatWebServer  : Tomcat initialized with port(s): 8090 (http)
2022-02-23 13:46:21.168  INFO 3516 --- [main] o.apache.catalina.core.StandardService   : Starting service [Tomcat]
2022-02-23 13:46:21.168  INFO 3516 --- [main] org.apache.catalina.core.StandardEngine  : Starting Servlet engine: [Apache Tomcat/9.0.50]
2022-02-23 13:46:21.230  INFO 3516 --- [main] o.a.c.c.C.[.[localhost].[/springMVC]     : Initializing Spring embedded WebApplicationContext
2022-02-23 13:46:21.230  INFO 3516 --- [main] w.s.c.ServletWebServerApplicationContext : Root WebApplicationContext: initialization completed in 1468 ms
2022-02-23 13:46:21.569  INFO 3516 --- [main] o.hibernate.jpa.internal.util.LogHelper  : HHH000204: Processing PersistenceUnitInfo [name: default]
2022-02-23 13:46:21.600  INFO 3516 --- [main] org.hibernate.Version                    : HHH000412: Hibernate ORM core version 5.4.32.Final
2022-02-23 13:46:21.663  INFO 3516 --- [main] o.hibernate.annotations.common.Version   : HCANN000001: Hibernate Commons Annotations {5.1.2.Final}
2022-02-23 13:46:21.726  INFO 3516 --- [main] com.zaxxer.hikari.HikariDataSource       : HikariPool-1 - Starting...
2022-02-23 13:46:21.855  INFO 3516 --- [main] com.zaxxer.hikari.HikariDataSource       : HikariPool-1 - Start completed.
2022-02-23 13:46:21.865  INFO 3516 --- [main] org.hibernate.dialect.Dialect            : HHH000400: Using dialect: org.hibernate.dialect.MySQL5Dialect
2022-02-23 13:46:22.299  INFO 3516 --- [main] o.h.e.t.j.p.i.JtaPlatformInitiator       : HHH000490: Using JtaPlatform implementation: [org.hibernate.engine.transaction.jta.platform.internal.NoJtaPlatform]
2022-02-23 13:46:22.299  INFO 3516 --- [main] j.LocalContainerEntityManagerFactoryBean : Initialized JPA EntityManagerFactory for persistence unit 'default'
2022-02-23 13:46:22.330  WARN 3516 --- [main] ConfigServletWebServerApplicationContext : Exception encountered during context initialization - cancelling refresh attempt: org.springframework.beans.factory.UnsatisfiedDependencyException: Error creating bean with name 'userRestController': Unsatisfied dependency expressed through field 'IUSerService'; nested exception is org.springframework.beans.factory.NoSuchBeanDefinitionException: No qualifying bean of type 'tn.esprit.spring.services.IUserService' available: expected at least 1 bean which qualifies as autowire candidate. Dependency annotations: {@org.springframework.beans.factory.annotation.Autowired(required=true)}
2022-02-23 13:46:22.333  INFO 3516 --- [main] j.LocalContainerEntityManagerFactoryBean : Closing JPA EntityManagerFactory for persistence unit 'default'
2022-02-23 13:46:22.333  INFO 3516 --- [main] com.zaxxer.hikari.HikariDataSource       : HikariPool-1 - Shutdown initiated...
2022-02-23 13:46:22.333  INFO 3516 --- [main] com.zaxxer.hikari.HikariDataSource       : HikariPool-1 - Shutdown completed.
2022-02-23 13:46:22.349  INFO 3516 --- [main] o.apache.catalina.core.StandardService   : Stopping service [Tomcat]
2022-02-23 13:46:22.349  INFO 3516 --- [main] ConditionEvaluationReportLoggingListener : 

Error starting ApplicationContext. To display the conditions report re-run your application with 'debug' enabled.
2022-02-23 13:46:22.380 ERROR 3516 --- [main] o.s.b.d.LoggingFailureAnalysisReporter   : 

***************************
APPLICATION FAILED TO START
***************************

Description:

Field IUSerService in tn.esprit.spring.controller.UserRestController required a bean of type 'tn.esprit.spring.services.IUserService' that could not be found.

The injection point has the following annotations:
	- @org.springframework.beans.factory.annotation.Autowired(required=true)


Action:

Consider defining a bean of type 'tn.esprit.spring.services.IUserService' in your configuration.

2022-02-23 13:48:09.634  INFO 3652 --- [main] tn.esprit.spring.PidevApplication        : Starting PidevApplication using Java 1.8.0_321 on LAPTOP-TM8PDFJ7 with PID 3652 (C:\Work\work-space-sts\PI-DEV-SPRING\target\classes started by rawen in C:\Work\work-space-sts\PI-DEV-SPRING)
2022-02-23 13:48:09.634  INFO 3652 --- [main] tn.esprit.spring.PidevApplication        : No active profile set, falling back to default profiles: default
2022-02-23 13:48:10.243  INFO 3652 --- [main] .s.d.r.c.RepositoryConfigurationDelegate : Bootstrapping Spring Data JPA repositories in DEFAULT mode.
2022-02-23 13:48:10.271  INFO 3652 --- [main] .s.d.r.c.RepositoryConfigurationDelegate : Finished Spring Data repository scanning in 28 ms. Found 1 JPA repository interfaces.
2022-02-23 13:48:10.678  INFO 3652 --- [main] trationDelegate$BeanPostProcessorChecker : Bean 'org.springframework.ws.config.annotation.DelegatingWsConfiguration' of type [org.springframework.ws.config.annotation.DelegatingWsConfiguration$$EnhancerBySpringCGLIB$$7fa3e4f4] is not eligible for getting processed by all BeanPostProcessors (for example: not eligible for auto-proxying)
2022-02-23 13:48:10.726  INFO 3652 --- [main] .w.s.a.s.AnnotationActionEndpointMapping : Supporting [WS-Addressing August 2004, WS-Addressing 1.0]
2022-02-23 13:48:11.187  INFO 3652 --- [main] o.s.b.w.embedded.tomcat.TomcatWebServer  : Tomcat initialized with port(s): 8090 (http)
2022-02-23 13:48:11.187  INFO 3652 --- [main] o.apache.catalina.core.StandardService   : Starting service [Tomcat]
2022-02-23 13:48:11.187  INFO 3652 --- [main] org.apache.catalina.core.StandardEngine  : Starting Servlet engine: [Apache Tomcat/9.0.50]
2022-02-23 13:48:11.265  INFO 3652 --- [main] o.a.c.c.C.[.[localhost].[/springMVC]     : Initializing Spring embedded WebApplicationContext
2022-02-23 13:48:11.265  INFO 3652 --- [main] w.s.c.ServletWebServerApplicationContext : Root WebApplicationContext: initialization completed in 1584 ms
2022-02-23 13:48:11.585  INFO 3652 --- [main] o.hibernate.jpa.internal.util.LogHelper  : HHH000204: Processing PersistenceUnitInfo [name: default]
2022-02-23 13:48:11.616  INFO 3652 --- [main] org.hibernate.Version                    : HHH000412: Hibernate ORM core version 5.4.32.Final
2022-02-23 13:48:11.710  INFO 3652 --- [main] o.hibernate.annotations.common.Version   : HCANN000001: Hibernate Commons Annotations {5.1.2.Final}
2022-02-23 13:48:11.773  INFO 3652 --- [main] com.zaxxer.hikari.HikariDataSource       : HikariPool-1 - Starting...
2022-02-23 13:48:11.870  INFO 3652 --- [main] com.zaxxer.hikari.HikariDataSource       : HikariPool-1 - Start completed.
2022-02-23 13:48:11.885  INFO 3652 --- [main] org.hibernate.dialect.Dialect            : HHH000400: Using dialect: org.hibernate.dialect.MySQL5Dialect
2022-02-23 13:48:12.318  INFO 3652 --- [main] o.h.e.t.j.p.i.JtaPlatformInitiator       : HHH000490: Using JtaPlatform implementation: [org.hibernate.engine.transaction.jta.platform.internal.NoJtaPlatform]
2022-02-23 13:48:12.324  INFO 3652 --- [main] j.LocalContainerEntityManagerFactoryBean : Initialized JPA EntityManagerFactory for persistence unit 'default'
2022-02-23 13:48:14.328  INFO 3652 --- [main] o.s.b.w.embedded.tomcat.TomcatWebServer  : Tomcat started on port(s): 8090 (http) with context path '/springMVC'
2022-02-23 13:48:14.819  INFO 3652 --- [main] tn.esprit.spring.PidevApplication        : Started PidevApplication in 5.493 seconds (JVM running for 6.154)
2022-02-23 13:49:17.852  INFO 3652 --- [http-nio-8090-exec-1] o.a.c.c.C.[.[localhost].[/springMVC]     : Initializing Spring DispatcherServlet 'dispatcherServlet'
2022-02-23 13:49:17.861  INFO 3652 --- [http-nio-8090-exec-1] o.s.web.servlet.DispatcherServlet        : Initializing Servlet 'dispatcherServlet'
2022-02-23 13:49:17.862  INFO 3652 --- [http-nio-8090-exec-1] o.s.web.servlet.DispatcherServlet        : Completed initialization in 1 ms
2022-02-23 14:14:47.286  WARN 3652 --- [HikariPool-1 housekeeper] com.zaxxer.hikari.pool.HikariPool        : HikariPool-1 - Thread starvation or clock leap detected (housekeeper delta=10m35s42ms520µs100ns).
2022-02-23 14:17:48.223  INFO 3652 --- [RMI TCP Connection(2)-127.0.0.1] inMXBeanRegistrar$SpringApplicationAdmin : Application shutdown requested.
2022-02-23 14:17:48.442  INFO 3652 --- [RMI TCP Connection(2)-127.0.0.1] j.LocalContainerEntityManagerFactoryBean : Closing JPA EntityManagerFactory for persistence unit 'default'
2022-02-23 14:17:48.450  INFO 3652 --- [RMI TCP Connection(2)-127.0.0.1] com.zaxxer.hikari.HikariDataSource       : HikariPool-1 - Shutdown initiated...
2022-02-23 14:17:48.466  INFO 3652 --- [RMI TCP Connection(2)-127.0.0.1] com.zaxxer.hikari.HikariDataSource       : HikariPool-1 - Shutdown completed.
